<?xml version="1.0" encoding="UTF-8" ?>
<infinote-test>
 <user id="1" />
 <user id="2" />
 <user id="3" />

 <initial-buffer>
  <segment author="0">sAA</segment>
 </initial-buffer>

 <request time="" user="2">
  <delete pos="0" len="3" />
 </request>

 <request time="2:1" user="3">
  <insert pos="0">0</insert>
 </request>

 <request time="" user="1">
  <insert pos="1">4</insert>
 </request>

 <request time="" user="1">
  <insert pos="0">e</insert>
 </request>

 <request time="1:2;3:1" user="2">
  <undo />
 </request>

 <final-buffer>
  <segment author="3">0</segment><segment author="1">e</segment><segment author="0">s</segment><segment author="1">4</segment><segment author="0">AA</segment>
 </final-buffer>
</infinote-test>
