<?xml version="1.0" encoding="UTF-8" ?>
<infinote-test>
 <user id="1" />
 <user id="2" />
 <user id="3" />

 <initial-buffer />

 <request time="" user="1">
  <insert pos="0">A</insert>
 </request>

 <request time="" user="2">
  <insert pos="0">B</insert>
 </request>

 <request time="" user="3">
  <insert pos="0">C</insert>
 </request>

 <final-buffer>
  <segment author="3">C</segment><segment author="2">B</segment><segment author="1">A</segment>
 </final-buffer>
</infinote-test>
